2025-10-15 13:36:31, MOVE, v:1, k:poo@camisa, mode:PICK
2025-10-15 13:44:11, EXEC, v:1, k:poo@camisa, mode:LOCK, rate:0, size:24
2025-10-15 13:44:26, EXEC, v:1, k:poo@camisa, mode:LOCK, rate:0, size:24
2025-10-15 13:45:01, EXEC, v:1, k:poo@camisa, mode:FREE
2025-10-15 13:48:31, MOVE, v:1, k:poo@camisa, mode:BACK
2025-10-15 13:49:14, SELF, v:1, k:poo@camisa
2025-10-15 13:49:22, MOVE, v:1, k:poo@roupa, mode:DOWN
2025-10-15 13:49:23, MOVE, v:1, k:poo@roupa, mode:PICK
2025-10-15 13:49:51, EXEC, v:1, k:poo@roupa, mode:FULL, rate:0, size:0
2025-10-15 14:00:35, EXEC, v:1, k:poo@roupa, mode:FULL, rate:0
2025-10-15 14:00:36, EXEC, v:1, k:poo@roupa, mode:FULL, rate:0
2025-10-15 14:00:37, EXEC, v:1, k:poo@roupa, mode:FULL, rate:0
2025-10-15 14:01:20, EXEC, v:1, k:poo@roupa, mode:FULL, rate:0
2025-10-15 14:01:20, EXEC, v:1, k:poo@roupa, mode:FULL, rate:0
2025-10-15 14:01:21, EXEC, v:1, k:poo@roupa, mode:FULL, rate:0
2025-10-15 14:05:20, EXEC, v:1, k:poo@roupa, mode:FULL, rate:0
2025-10-15 14:05:37, MOVE, v:1, k:poo@roupa, mode:BACK
2025-10-15 14:05:42, MOVE, v:1, k:poo@roupa, mode:PICK
2025-10-15 14:05:45, MOVE, v:1, k:poo@roupa, mode:BACK
2025-10-15 14:07:04, MOVE, v:1, k:poo@roupa, mode:PICK
2025-10-15 14:07:12, EXEC, v:1, k:poo@roupa, mode:FULL, rate:0, size:1
2025-10-15 14:10:18, EXEC, v:1, k:poo@roupa, mode:FULL, rate:0, size:32
2025-10-15 14:10:30, EXEC, v:1, k:poo@roupa, mode:FULL, rate:0, size:30
2025-10-15 14:10:51, EXEC, v:1, k:poo@roupa, mode:FULL, rate:0, size:30
2025-10-15 14:10:53, EXEC, v:1, k:poo@roupa, mode:FULL, rate:0
2025-10-15 14:10:53, EXEC, v:1, k:poo@roupa, mode:FULL, rate:0
2025-10-15 14:14:31, EXEC, v:1, k:poo@roupa, mode:FULL, rate:0, size:32
2025-10-15 14:14:32, EXEC, v:1, k:poo@roupa, mode:FULL, rate:0
2025-10-15 14:14:32, EXEC, v:1, k:poo@roupa, mode:FULL, rate:0
2025-10-15 14:14:32, EXEC, v:1, k:poo@roupa, mode:FULL, rate:0
2025-10-15 14:14:33, EXEC, v:1, k:poo@roupa, mode:FULL, rate:0
2025-10-15 14:14:33, EXEC, v:1, k:poo@roupa, mode:FULL, rate:0
2025-10-15 14:15:03, EXEC, v:1, k:poo@roupa, mode:FULL, rate:0, size:32
2025-10-15 14:15:13, EXEC, v:1, k:poo@roupa, mode:FULL, rate:0, size:32
2025-10-15 14:15:48, EXEC, v:1, k:poo@roupa, mode:FULL, rate:0, size:32
2025-10-15 14:17:15, EXEC, v:1, k:poo@roupa, mode:FULL, rate:0, size:32
2025-10-15 14:20:11, EXEC, v:1, k:poo@roupa, mode:FULL, rate:0, size:34
2025-10-15 14:20:22, EXEC, v:1, k:poo@roupa, mode:FULL, rate:0, size:34
2025-10-15 14:20:23, EXEC, v:1, k:poo@roupa, mode:FULL, rate:0
2025-10-15 14:20:44, EXEC, v:1, k:poo@roupa, mode:FULL, rate:0, size:32
2025-10-15 14:33:11, MOVE, v:1, k:poo@roupa, mode:BACK
