2025-10-21 00:38:44, MOVE, v:1, k:poo@notebook, mode:PICK
2025-10-21 00:38:45, EXEC, v:1, k:poo@notebook, mode:LOCK, rate:0, size:101
2025-10-21 00:38:47, MOVE, v:1, k:poo@notebook, mode:BACK
2025-10-21 00:38:48, MOVE, v:1, k:poo@notebook, mode:PICK
2025-10-21 00:38:50, EXEC, v:1, k:poo@notebook, mode:FREE
2025-10-21 01:37:54, MOVE, v:1, k:poo@notebook, mode:BACK
2025-10-21 01:38:02, MOVE, v:1, k:poo@charger, mode:PICK
2025-10-21 01:38:48, EXEC, v:1, k:poo@charger, mode:FULL, rate:0, size:0
2025-10-21 01:40:22, EXEC, v:1, k:poo@charger, mode:FULL, rate:0
2025-10-21 01:40:24, EXEC, v:1, k:poo@charger, mode:FULL, rate:0
2025-10-21 01:40:25, EXEC, v:1, k:poo@charger, mode:FULL, rate:0
2025-10-21 01:40:42, EXEC, v:1, k:poo@charger, mode:FULL, rate:0
2025-10-21 01:41:15, EXEC, v:1, k:poo@charger, mode:FULL, rate:0
2025-10-21 01:42:53, EXEC, v:1, k:poo@charger, mode:FULL, rate:0
2025-10-21 01:43:30, EXEC, v:1, k:poo@charger, mode:FULL, rate:0
2025-10-21 01:50:13, EXEC, v:1, k:poo@charger, mode:FULL, rate:0
2025-10-21 01:50:14, EXEC, v:1, k:poo@charger, mode:FULL, rate:0
2025-10-21 01:50:15, EXEC, v:1, k:poo@charger, mode:FULL, rate:0
2025-10-21 01:50:16, EXEC, v:1, k:poo@charger, mode:FULL, rate:0
2025-10-21 01:50:17, EXEC, v:1, k:poo@charger, mode:FULL, rate:0
2025-10-21 01:50:18, EXEC, v:1, k:poo@charger, mode:FULL, rate:0
2025-10-21 01:50:19, EXEC, v:1, k:poo@charger, mode:FULL, rate:0
2025-10-21 01:50:20, EXEC, v:1, k:poo@charger, mode:FULL, rate:0
2025-10-21 01:51:56, EXEC, v:1, k:poo@charger, mode:FULL, rate:0
2025-10-21 01:51:57, EXEC, v:1, k:poo@charger, mode:FULL, rate:0
2025-10-21 01:51:58, EXEC, v:1, k:poo@charger, mode:FULL, rate:0
2025-10-21 01:51:59, EXEC, v:1, k:poo@charger, mode:FULL, rate:0
2025-10-21 01:53:07, EXEC, v:1, k:poo@charger, mode:FULL, rate:0
2025-10-21 01:53:08, EXEC, v:1, k:poo@charger, mode:FULL, rate:0
2025-10-21 01:53:09, EXEC, v:1, k:poo@charger, mode:FULL, rate:0
2025-10-21 01:53:10, EXEC, v:1, k:poo@charger, mode:FULL, rate:0
2025-10-21 01:53:10, EXEC, v:1, k:poo@charger, mode:FULL, rate:0
2025-10-21 01:53:11, EXEC, v:1, k:poo@charger, mode:FULL, rate:0
2025-10-21 01:56:53, EXEC, v:1, k:poo@charger, mode:FULL, rate:0
2025-10-21 01:57:22, EXEC, v:1, k:poo@charger, mode:FULL, rate:0
2025-10-21 01:57:38, EXEC, v:1, k:poo@charger, mode:FULL, rate:0
2025-10-21 01:58:44, EXEC, v:1, k:poo@charger, mode:FULL, rate:0
2025-10-21 01:59:39, EXEC, v:1, k:poo@charger, mode:FULL, rate:0
2025-10-21 02:00:26, EXEC, v:1, k:poo@charger, mode:FULL, rate:0
2025-10-21 02:00:28, MOVE, v:1, k:poo@charger, mode:BACK
2025-10-21 02:00:30, MOVE, v:1, k:poo@charger, mode:PICK
2025-10-21 02:00:31, EXEC, v:1, k:poo@charger, mode:FULL, rate:0
2025-10-21 02:00:33, EXEC, v:1, k:poo@charger, mode:FULL, rate:0
2025-10-21 02:00:34, MOVE, v:1, k:poo@charger, mode:BACK
2025-10-21 02:00:41, MOVE, v:1, k:poo@charger, mode:PICK
2025-10-21 02:00:42, EXEC, v:1, k:poo@charger, mode:FULL, rate:0
2025-10-21 02:00:44, EXEC, v:1, k:poo@charger, mode:FULL, rate:0
2025-10-21 02:00:45, EXEC, v:1, k:poo@charger, mode:FULL, rate:0
2025-10-21 02:00:46, EXEC, v:1, k:poo@charger, mode:FULL, rate:0
2025-10-21 02:01:17, MOVE, v:1, k:poo@charger, mode:BACK
