2025-10-07 18:44:07, MOVE, v:1, k:poo@relogio, mode:DOWN
2025-10-07 19:44:30, MOVE, v:1, k:poo@relogio, mode:PICK
2025-10-07 19:44:32, EXEC, v:1, k:poo@relogio, mode:FREE, size:35
2025-10-07 19:49:15, EXEC, v:1, k:poo@relogio, mode:FULL, rate:0, size:48
2025-10-07 19:49:53, EXEC, v:1, k:poo@relogio, mode:FULL, rate:0, size:48
2025-10-07 19:50:05, EXEC, v:1, k:poo@relogio, mode:FULL, rate:0, size:48
2025-10-07 19:50:06, EXEC, v:1, k:poo@relogio, mode:FULL, rate:0
2025-10-07 19:50:07, EXEC, v:1, k:poo@relogio, mode:FULL, rate:0
2025-10-07 19:50:07, EXEC, v:1, k:poo@relogio, mode:FULL, rate:0
2025-10-07 19:50:07, EXEC, v:1, k:poo@relogio, mode:FULL, rate:0
2025-10-07 19:50:07, EXEC, v:1, k:poo@relogio, mode:FULL, rate:0
2025-10-07 19:50:39, EXEC, v:1, k:poo@relogio, mode:FULL, rate:0, size:48
2025-10-07 19:50:41, EXEC, v:1, k:poo@relogio, mode:FULL, rate:0
2025-10-07 19:51:14, EXEC, v:1, k:poo@relogio, mode:FULL, rate:0, size:45
2025-10-07 19:51:49, EXEC, v:1, k:poo@relogio, mode:FULL, rate:7, size:45
2025-10-07 19:55:48, EXEC, v:1, k:poo@relogio, mode:FULL, rate:7, size:49
2025-10-07 19:57:12, EXEC, v:1, k:poo@relogio, mode:FULL, rate:7, size:50
2025-10-07 19:58:02, EXEC, v:1, k:poo@relogio, mode:FULL, rate:7, size:50
2025-10-07 19:58:26, EXEC, v:1, k:poo@relogio, mode:FULL, rate:7
2025-10-07 19:58:53, EXEC, v:1, k:poo@relogio, mode:FULL, rate:7, size:53
2025-10-07 20:02:44, EXEC, v:1, k:poo@relogio, mode:FULL, rate:0, size:60
2025-10-07 20:04:54, EXEC, v:1, k:poo@relogio, mode:FULL, rate:0, size:60
2025-10-07 20:07:00, EXEC, v:1, k:poo@relogio, mode:FULL, rate:0, size:60
2025-10-07 20:08:20, EXEC, v:1, k:poo@relogio, mode:FULL, rate:7, size:60
2025-10-07 20:09:23, EXEC, v:1, k:poo@relogio, mode:FULL, rate:0, size:60
2025-10-07 20:09:31, EXEC, v:1, k:poo@relogio, mode:FULL, rate:7, size:60
2025-10-07 20:11:38, EXEC, v:1, k:poo@relogio, mode:FULL, rate:0, size:60
2025-10-07 20:11:52, EXEC, v:1, k:poo@relogio, mode:FREE
2025-10-07 20:12:07, MOVE, v:1, k:poo@relogio, mode:PICK
2025-10-07 20:12:09, EXEC, v:1, k:poo@relogio, mode:FULL, rate:0
2025-10-07 20:12:36, MOVE, v:1, k:poo@relogio, mode:BACK
2025-10-07 21:55:40, MOVE, v:1, k:poo@relogio, mode:PICK
2025-10-07 21:55:41, EXEC, v:1, k:poo@relogio, mode:FULL, rate:0
2025-10-07 21:56:21, EXEC, v:1, k:poo@relogio, mode:FULL, rate:0, size:59
2025-10-07 21:58:19, EXEC, v:1, k:poo@relogio, mode:FULL, rate:0, size:69
2025-10-07 22:01:26, EXEC, v:1, k:poo@relogio, mode:FULL, rate:0, size:60
2025-10-07 22:01:28, EXEC, v:1, k:poo@relogio, mode:FULL, rate:0
2025-10-07 22:01:28, EXEC, v:1, k:poo@relogio, mode:FULL, rate:0
2025-10-07 22:03:27, EXEC, v:1, k:poo@relogio, mode:FULL, rate:0, size:60
2025-10-07 22:03:28, EXEC, v:1, k:poo@relogio, mode:FULL, rate:0
2025-10-07 22:03:29, EXEC, v:1, k:poo@relogio, mode:FULL, rate:0
2025-10-07 22:03:29, EXEC, v:1, k:poo@relogio, mode:FULL, rate:0
2025-10-07 22:03:29, EXEC, v:1, k:poo@relogio, mode:FULL, rate:0
2025-10-07 22:03:29, EXEC, v:1, k:poo@relogio, mode:FULL, rate:0
2025-10-07 22:05:15, EXEC, v:1, k:poo@relogio, mode:FULL, rate:0, size:60
2025-10-07 22:05:46, EXEC, v:1, k:poo@relogio, mode:FULL, rate:0, size:60
2025-10-07 22:06:14, EXEC, v:1, k:poo@relogio, mode:FULL, rate:0, size:60
2025-10-07 22:06:57, EXEC, v:1, k:poo@relogio, mode:FULL, rate:0, size:56
2025-10-07 22:07:31, EXEC, v:1, k:poo@relogio, mode:FULL, rate:0, size:50
2025-10-07 22:07:32, EXEC, v:1, k:poo@relogio, mode:FULL, rate:0
2025-10-07 22:07:32, EXEC, v:1, k:poo@relogio, mode:FULL, rate:0
2025-10-07 22:07:32, EXEC, v:1, k:poo@relogio, mode:FULL, rate:0
2025-10-07 22:07:33, EXEC, v:1, k:poo@relogio, mode:FULL, rate:0
2025-10-07 22:07:33, EXEC, v:1, k:poo@relogio, mode:FULL, rate:0
2025-10-07 22:07:33, EXEC, v:1, k:poo@relogio, mode:FULL, rate:0
2025-10-07 22:08:22, EXEC, v:1, k:poo@relogio, mode:FULL, rate:0
2025-10-07 22:08:23, EXEC, v:1, k:poo@relogio, mode:FULL, rate:0
2025-10-07 22:08:23, EXEC, v:1, k:poo@relogio, mode:FULL, rate:0
2025-10-07 22:09:03, EXEC, v:1, k:poo@relogio, mode:FULL, rate:7, size:50
2025-10-07 22:09:36, EXEC, v:1, k:poo@relogio, mode:FULL, rate:0, size:50
2025-10-07 22:11:56, EXEC, v:1, k:poo@relogio, mode:FULL, rate:0, size:50
2025-10-07 22:13:05, EXEC, v:1, k:poo@relogio, mode:FULL, rate:0, size:50
2025-10-07 22:14:36, EXEC, v:1, k:poo@relogio, mode:FULL, rate:0, size:50
2025-10-07 22:15:55, EXEC, v:1, k:poo@relogio, mode:FULL, rate:0, size:50
2025-10-07 22:16:15, EXEC, v:1, k:poo@relogio, mode:FULL, rate:0, size:50
2025-10-07 22:26:26, EXEC, v:1, k:poo@relogio, mode:FULL, rate:0
2025-10-07 22:33:29, EXEC, v:1, k:poo@relogio, mode:FULL, rate:30, size:52
2025-10-07 22:41:18, EXEC, v:1, k:poo@relogio, mode:FULL, rate:0, size:65
2025-10-07 22:41:19, EXEC, v:1, k:poo@relogio, mode:FULL, rate:0
2025-10-07 22:41:54, EXEC, v:1, k:poo@relogio, mode:FULL, rate:0
2025-10-07 22:42:51, EXEC, v:1, k:poo@relogio, mode:FULL, rate:0
2025-10-07 22:44:43, EXEC, v:1, k:poo@relogio, mode:FULL, rate:38, size:65
2025-10-07 22:47:49, EXEC, v:1, k:poo@relogio, mode:FULL, rate:0, size:67
2025-10-07 22:48:15, EXEC, v:1, k:poo@relogio, mode:FULL, rate:0, size:67
2025-10-07 22:48:49, EXEC, v:1, k:poo@relogio, mode:FULL, rate:0, size:70
2025-10-07 22:48:50, EXEC, v:1, k:poo@relogio, mode:FULL, rate:0
2025-10-07 22:48:50, EXEC, v:1, k:poo@relogio, mode:FULL, rate:0
2025-10-07 22:48:51, EXEC, v:1, k:poo@relogio, mode:FULL, rate:0
2025-10-07 22:48:51, EXEC, v:1, k:poo@relogio, mode:FULL, rate:0
2025-10-07 22:48:51, EXEC, v:1, k:poo@relogio, mode:FULL, rate:0
2025-10-07 22:48:51, EXEC, v:1, k:poo@relogio, mode:FULL, rate:0
2025-10-07 22:48:51, EXEC, v:1, k:poo@relogio, mode:FULL, rate:0
2025-10-07 22:48:51, EXEC, v:1, k:poo@relogio, mode:FULL, rate:0
2025-10-07 22:48:52, EXEC, v:1, k:poo@relogio, mode:FULL, rate:0
2025-10-07 22:49:29, EXEC, v:1, k:poo@relogio, mode:FULL, rate:38, size:79
2025-10-07 22:51:51, EXEC, v:1, k:poo@relogio, mode:FULL, rate:7, size:81
2025-10-07 22:52:55, EXEC, v:1, k:poo@relogio, mode:FULL, rate:7
2025-10-07 22:56:10, EXEC, v:1, k:poo@relogio, mode:FULL, rate:7
2025-10-07 22:57:17, EXEC, v:1, k:poo@relogio, mode:FULL, rate:76, size:81
2025-10-07 23:00:38, EXEC, v:1, k:poo@relogio, mode:FULL, rate:76, size:77
2025-10-07 23:02:15, EXEC, v:1, k:poo@relogio, mode:FULL, rate:76, size:61
2025-10-07 23:03:18, EXEC, v:1, k:poo@relogio, mode:FULL, rate:76, size:58
2025-10-07 23:06:50, EXEC, v:1, k:poo@relogio, mode:FULL, rate:76, size:78
2025-10-07 23:06:57, EXEC, v:1, k:poo@relogio, mode:FULL, rate:76, size:81
2025-10-07 23:07:22, EXEC, v:1, k:poo@relogio, mode:FULL, rate:0, size:81
2025-10-07 23:07:50, EXEC, v:1, k:poo@relogio, mode:FULL, rate:7, size:81
2025-10-07 23:09:56, EXEC, v:1, k:poo@relogio, mode:FULL, rate:0, size:80
2025-10-07 23:10:16, EXEC, v:1, k:poo@relogio, mode:FULL, rate:76, size:81
2025-10-07 23:11:11, EXEC, v:1, k:poo@relogio, mode:FULL, rate:76
2025-10-07 23:28:25, EXEC, v:1, k:poo@relogio, mode:FULL, rate:53, size:68
2025-10-07 23:31:01, EXEC, v:1, k:poo@relogio, mode:FULL, rate:53, size:68
2025-10-07 23:32:10, EXEC, v:1, k:poo@relogio, mode:FULL, rate:0, size:68
2025-10-07 23:34:47, EXEC, v:1, k:poo@relogio, mode:FULL, rate:0, size:78
2025-10-07 23:35:57, EXEC, v:1, k:poo@relogio, mode:FULL, rate:100, size:78
2025-10-07 23:39:21, MOVE, v:1, k:poo@relogio, mode:BACK
