2025-10-13 15:33:36, MOVE, v:1, k:poo@relogio, mode:PICK
2025-10-13 15:33:37, EXEC, v:1, k:poo@relogio, mode:FULL, rate:100
2025-10-13 15:41:50, MOVE, v:1, k:poo@relogio, mode:BACK
2025-10-13 15:44:10, SELF, v:1, k:poo@relogio, rate:100, human:sim, iagen:sim, guide:sim, alone:7, study:240
2025-10-13 15:44:25, MOVE, v:1, k:poo@chinela, mode:PICK
2025-10-13 15:44:26, EXEC, v:1, k:poo@chinela, mode:LOCK, rate:0, size:19
2025-10-13 15:44:35, MOVE, v:1, k:poo@chinela, mode:BACK
2025-10-13 15:44:38, MOVE, v:1, k:poo@chinela, mode:PICK
2025-10-13 15:44:40, EXEC, v:1, k:poo@chinela, mode:FREE
2025-10-13 16:21:50, MOVE, v:1, k:poo@chinela, mode:BACK
2025-10-13 16:22:21, MOVE, v:1, k:poo@chinela, mode:PICK
2025-10-13 16:22:22, EXEC, v:1, k:poo@chinela, mode:LOCK, rate:0, size:26
2025-10-13 16:22:27, MOVE, v:1, k:poo@chinela, mode:BACK
2025-10-13 16:23:07, SELF, v:1, k:poo@chinela, rate:100, human:sim, iagen:sim, alone:8, study:90
2025-10-13 16:24:03, MOVE, v:1, k:poo@camisa, mode:DOWN
2025-10-13 16:26:45, MOVE, v:1, k:poo@camisa, mode:PICK
2025-10-13 16:26:46, EXEC, v:1, k:poo@camisa, mode:LOCK, rate:0, size:1
2025-10-13 16:27:00, EXEC, v:1, k:poo@camisa, mode:LOCK, rate:100, size:0
2025-10-13 16:27:02, EXEC, v:1, k:poo@camisa, mode:LOCK, rate:100
2025-10-13 16:27:02, EXEC, v:1, k:poo@camisa, mode:LOCK, rate:100
2025-10-13 16:27:03, EXEC, v:1, k:poo@camisa, mode:LOCK, rate:100
2025-10-13 16:27:03, EXEC, v:1, k:poo@camisa, mode:LOCK, rate:100
2025-10-13 16:27:04, EXEC, v:1, k:poo@camisa, mode:LOCK, rate:100
2025-10-13 16:27:05, EXEC, v:1, k:poo@camisa, mode:LOCK, rate:100
2025-10-13 16:27:05, EXEC, v:1, k:poo@camisa, mode:LOCK, rate:100
2025-10-13 16:29:58, MOVE, v:1, k:poo@camisa, mode:BACK
