2025-10-16 11:25:25, MOVE, v:1, k:poo@roupa, mode:PICK
2025-10-16 11:25:34, EXEC, v:1, k:poo@roupa, mode:FULL, rate:0
2025-10-16 11:27:59, EXEC, v:1, k:poo@roupa, mode:FULL, rate:0, size:32
2025-10-16 11:29:24, EXEC, v:1, k:poo@roupa, mode:FULL, rate:0, size:32
2025-10-16 11:29:55, EXEC, v:1, k:poo@roupa, mode:FULL, rate:0, size:34
2025-10-16 11:30:07, EXEC, v:1, k:poo@roupa, mode:FULL, rate:100, size:34
2025-10-16 11:53:17, MOVE, v:1, k:poo@roupa, mode:BACK
2025-10-16 11:54:16, SELF, v:1, k:poo@roupa, rate:100, human:sim, alone:8, study:80
2025-10-16 11:54:54, MOVE, v:1, k:poo@relogio, mode:PICK
2025-10-16 11:54:56, EXEC, v:1, k:poo@relogio, mode:FULL, rate:100
2025-10-16 11:55:01, MOVE, v:1, k:poo@relogio, mode:BACK
2025-10-16 11:55:45, SELF, v:1, k:poo@relogio, rate:100, human:sim, iagen:sim, guide:sim, alone:8, study:160
2025-10-16 11:55:55, MOVE, v:1, k:poo@camisa, mode:PICK
2025-10-16 11:55:55, EXEC, v:1, k:poo@camisa, mode:LOCK, rate:0, size:22
2025-10-16 11:56:08, EXEC, v:1, k:poo@camisa, mode:LOCK, rate:0
2025-10-16 11:56:10, MOVE, v:1, k:poo@camisa, mode:BACK
2025-10-16 11:56:12, MOVE, v:1, k:poo@camisa, mode:PICK
2025-10-16 11:56:13, EXEC, v:1, k:poo@camisa, mode:FREE
2025-10-16 11:56:24, MOVE, v:1, k:poo@camisa, mode:BACK
2025-10-16 11:58:15, SELF, v:1, k:poo@camisa, rate:100, human:sim, guide:sim, alone:7
2025-10-16 11:58:18, MOVE, v:1, k:poo@camisa, mode:PICK
2025-10-16 11:58:18, EXEC, v:1, k:poo@camisa, mode:LOCK, rate:0
2025-10-16 11:58:19, EXEC, v:1, k:poo@camisa, mode:LOCK, rate:0
2025-10-16 11:58:19, EXEC, v:1, k:poo@camisa, mode:LOCK, rate:0
2025-10-16 11:58:19, EXEC, v:1, k:poo@camisa, mode:LOCK, rate:0
2025-10-16 11:58:19, EXEC, v:1, k:poo@camisa, mode:LOCK, rate:0
2025-10-16 11:58:19, EXEC, v:1, k:poo@camisa, mode:LOCK, rate:0
2025-10-16 11:58:19, EXEC, v:1, k:poo@camisa, mode:LOCK, rate:0
2025-10-16 11:58:19, EXEC, v:1, k:poo@camisa, mode:LOCK, rate:0
2025-10-16 11:58:19, EXEC, v:1, k:poo@camisa, mode:LOCK, rate:0
2025-10-16 11:58:19, EXEC, v:1, k:poo@camisa, mode:LOCK, rate:0
2025-10-16 11:58:19, EXEC, v:1, k:poo@camisa, mode:LOCK, rate:0
2025-10-16 11:58:19, EXEC, v:1, k:poo@camisa, mode:LOCK, rate:0
2025-10-16 11:58:19, EXEC, v:1, k:poo@camisa, mode:LOCK, rate:0
2025-10-16 11:58:19, EXEC, v:1, k:poo@camisa, mode:LOCK, rate:0
2025-10-16 11:58:19, EXEC, v:1, k:poo@camisa, mode:LOCK, rate:0
2025-10-16 11:58:19, EXEC, v:1, k:poo@camisa, mode:LOCK, rate:0
2025-10-16 11:58:19, EXEC, v:1, k:poo@camisa, mode:LOCK, rate:0
2025-10-16 11:58:19, EXEC, v:1, k:poo@camisa, mode:LOCK, rate:0
2025-10-16 11:58:19, EXEC, v:1, k:poo@camisa, mode:LOCK, rate:0
2025-10-16 11:58:19, EXEC, v:1, k:poo@camisa, mode:LOCK, rate:0
2025-10-16 11:58:21, MOVE, v:1, k:poo@camisa, mode:BACK
2025-10-16 11:58:22, MOVE, v:1, k:poo@camisa, mode:PICK
2025-10-16 11:58:23, EXEC, v:1, k:poo@camisa, mode:LOCK, rate:0
2025-10-16 11:58:23, EXEC, v:1, k:poo@camisa, mode:LOCK, rate:0
2025-10-16 11:58:23, EXEC, v:1, k:poo@camisa, mode:LOCK, rate:0
2025-10-16 11:58:23, EXEC, v:1, k:poo@camisa, mode:LOCK, rate:0
2025-10-16 11:58:24, EXEC, v:1, k:poo@camisa, mode:LOCK, rate:0
2025-10-16 11:58:34, MOVE, v:1, k:poo@camisa, mode:BACK
2025-10-16 11:58:41, MOVE, v:1, k:poo@chinela, mode:PICK
2025-10-16 11:58:43, EXEC, v:1, k:poo@chinela, mode:FREE
2025-10-16 11:59:02, MOVE, v:1, k:poo@chinela, mode:BACK
2025-10-16 11:59:49, SELF, v:1, k:poo@chinela, rate:100, human:sim, iagen:sim, guide:sim, alone:7, study:90
2025-10-16 12:00:14, SELF, v:1, k:poo@camisa, rate:100, human:sim, guide:sim, alone:7
2025-10-16 12:06:45, MOVE, v:1, k:poo@notebook, mode:DOWN
2025-10-16 12:06:50, MOVE, v:1, k:poo@motoca, mode:DOWN
2025-10-16 12:06:52, MOVE, v:1, k:poo@grafite, mode:DOWN
2025-10-16 12:06:54, MOVE, v:1, k:poo@motouber, mode:DOWN
2025-10-16 12:06:57, MOVE, v:1, k:poo@tamagotchi, mode:DOWN
2025-10-16 12:06:59, MOVE, v:1, k:poo@charger, mode:DOWN
2025-10-16 12:08:45, MOVE, v:1, k:poo@notebook, mode:PICK
2025-10-16 12:08:50, EXEC, v:1, k:poo@notebook, mode:FREE, size:0
2025-10-16 13:19:31, MOVE, v:1, k:poo@notebook, mode:BACK
